<?xml version="1.0" encoding="UTF-8"?>
<!-- Generated by org.testng.reporters.JUnitReportReporter -->
<testsuite hostname="andrei-Aspire-5738" failures="0" tests="7" name="pageobject.TestHomePage" time="3.002" errors="0" timestamp="2020-07-09T10:55:10 EEST" skipped="0">
  <testcase classname="pageobject.TestHomePage" name="TC2_HomePageURL" time="0.014"/>
  <system-out/>
  <testcase classname="pageobject.TestHomePage" name="TC4_HomeKeyboardEnabled" time="0.055"/>
  <system-out/>
  <testcase classname="pageobject.TestHomePage" name="TC7_HomeLoginClick" time="2.498"/>
  <system-out/>
  <testcase classname="pageobject.TestHomePage" name="TC5_HomeBelowText1" time="0.119"/>
  <system-out/>
  <testcase classname="pageobject.TestHomePage" name="TC1_HomePageTitle" time="0.015"/>
  <system-out/>
  <testcase classname="pageobject.TestHomePage" name="TC6_HomeBelowText2" time="0.152"/>
  <system-out/>
  <testcase classname="pageobject.TestHomePage" name="TC3_HomeSearchField" time="0.149"/>
  <system-out/>
</testsuite> <!-- pageobject.TestHomePage -->
