<?xml version="1.0" encoding="UTF-8"?>
<!-- Generated by org.testng.reporters.JUnitReportReporter -->
<testsuite hostname="andrei-Aspire-5738" failures="0" tests="4" name="pageobject.TestPasswordPage" time="4.924" errors="0" timestamp="2020-07-09T10:55:10 EEST" skipped="0">
  <testcase classname="pageobject.TestPasswordPage" name="TC2_forgotPassDisplayed" time="0.184"/>
  <system-out/>
  <testcase classname="pageobject.TestPasswordPage" name="TC4_insertValidPass" time="3.592"/>
  <system-out/>
  <testcase classname="pageobject.TestPasswordPage" name="TC3_insertInvalidPass" time="0.963"/>
  <system-out/>
  <testcase classname="pageobject.TestPasswordPage" name="TC1_insertPassDisplayed" time="0.185"/>
  <system-out/>
</testsuite> <!-- pageobject.TestPasswordPage -->
