<?xml version="1.0" encoding="UTF-8"?>
<!-- Generated by org.testng.reporters.JUnitReportReporter -->
<testsuite hostname="andrei-Aspire-5738" failures="0" tests="7" name="QA.Project.Home" time="3.096" errors="0" timestamp="2020-07-08T16:11:25 EEST" skipped="0">
  <testcase classname="QA.Project.Home" name="TC7_HomeLoginClick" time="2.564"/>
  <system-out/>
  <testcase classname="QA.Project.Home" name="TC2_HomePageURL" time="0.033"/>
  <system-out/>
  <testcase classname="QA.Project.Home" name="TC3_HomeSearchField" time="0.164"/>
  <system-out/>
  <testcase classname="QA.Project.Home" name="TC1_HomePageTitle" time="0.036"/>
  <system-out/>
  <testcase classname="QA.Project.Home" name="TC4_HomeKeyboardEnabled" time="0.081"/>
  <system-out/>
  <testcase classname="QA.Project.Home" name="TC5_HomeBelowText1" time="0.143"/>
  <system-out/>
  <testcase classname="QA.Project.Home" name="TC6_HomeBelowText2" time="0.075"/>
  <system-out/>
</testsuite> <!-- QA.Project.Home -->
