<?xml version="1.0" encoding="UTF-8"?>
<!-- Generated by org.testng.reporters.JUnitReportReporter -->
<testsuite hostname="andrei-Aspire-5738" failures="0" tests="7" name="QA.Project.Home" time="3.636" errors="0" timestamp="2020-07-08T15:07:49 EEST" skipped="0">
  <testcase classname="QA.Project.Home" name="TC3_HomeSearchField" time="0.275"/>
  <system-out/>
  <testcase classname="QA.Project.Home" name="TC5_HomeBelowText1" time="0.147"/>
  <system-out/>
  <testcase classname="QA.Project.Home" name="TC6_HomeBelowText2" time="0.133"/>
  <system-out/>
  <testcase classname="QA.Project.Home" name="TC4_HomeKeyboardEnabled" time="0.065"/>
  <system-out/>
  <testcase classname="QA.Project.Home" name="TC7_HomeLoginClick" time="2.891"/>
  <system-out/>
  <testcase classname="QA.Project.Home" name="TC1_HomePageTitle" time="0.089"/>
  <system-out/>
  <testcase classname="QA.Project.Home" name="TC2_HomePageURL" time="0.036"/>
  <system-out/>
</testsuite> <!-- QA.Project.Home -->
