<?xml version="1.0" encoding="UTF-8"?>
<!-- Generated by org.testng.reporters.JUnitReportReporter -->
<testsuite hostname="andrei-Aspire-5738" failures="0" tests="4" name="QA.Project.Email" time="4.090" errors="0" timestamp="2020-07-08T10:35:08 EEST" skipped="0">
  <testcase classname="QA.Project.Email" name="TC5_insertValidEmail" time="2.385"/>
  <system-out/>
  <testcase classname="QA.Project.Email" name="TC3_insertEmailDisplayed" time="0.211"/>
  <system-out/>
  <testcase classname="QA.Project.Email" name="TC4_insertInvalidEmail" time="1.107"/>
  <system-out/>
  <testcase classname="QA.Project.Email" name="TC2_EmailPageURL" time="0.387"/>
  <system-out/>
</testsuite> <!-- QA.Project.Email -->
