<?xml version="1.0" encoding="UTF-8"?>
<!-- Generated by org.testng.reporters.JUnitReportReporter -->
<testsuite hostname="andrei-Aspire-5738" failures="0" tests="4" name="QA.Project.Password" time="6.038" errors="0" timestamp="2020-07-08T16:11:25 EEST" skipped="0">
  <testcase classname="QA.Project.Password" name="TC3_insertInvalidPass" time="1.053"/>
  <system-out/>
  <testcase classname="QA.Project.Password" name="TC1_insertPassDisplayed" time="0.137"/>
  <system-out/>
  <testcase classname="QA.Project.Password" name="TC4_insertValidPass" time="4.634"/>
  <system-out/>
  <testcase classname="QA.Project.Password" name="TC2_forgotPassDisplayed" time="0.214"/>
  <system-out/>
</testsuite> <!-- QA.Project.Password -->
